[0.879s] DEBUG:colcon:Command line arguments: ['/usr/bin/colcon', 'build']
[0.879s] DEBUG:colcon:Parsed command line arguments: Namespace(log_base=None, log_level=None, verb_name='build', build_base='build', install_base='install', merge_install=False, symlink_install=False, test_result_base=None, continue_on_error=False, executor='parallel', parallel_workers=4, event_handlers=None, ignore_user_meta=False, metas=['./colcon.meta'], base_paths=['.'], packages_ignore=None, packages_ignore_regex=None, paths=None, packages_up_to=None, packages_up_to_regex=None, packages_above=None, packages_above_and_dependencies=None, packages_above_depth=None, packages_select_by_dep=None, packages_skip_by_dep=None, packages_skip_up_to=None, packages_select_build_failed=False, packages_skip_build_finished=False, packages_select_test_failures=False, packages_skip_test_passed=False, packages_select=None, packages_skip=None, packages_select_regex=None, packages_skip_regex=None, packages_start=None, packages_end=None, allow_overriding=[], cmake_args=None, cmake_target=None, cmake_target_skip_unavailable=False, cmake_clean_cache=False, cmake_clean_first=False, cmake_force_configure=False, ament_cmake_args=None, catkin_cmake_args=None, catkin_skip_building_tests=False, mixin_files=None, mixin=None, verb_parser=<colcon_mixin.mixin.mixin_argument.MixinArgumentDecorator object at 0x76df682543e0>, verb_extension=<colcon_core.verb.build.BuildVerb object at 0x76df68233fb0>, main=<bound method BuildVerb.main of <colcon_core.verb.build.BuildVerb object at 0x76df68233fb0>>, mixin_verb=('build',))
[1.029s] Level 1:colcon.colcon_core.package_discovery:discover_packages(colcon_meta) check parameters
[1.030s] Level 1:colcon.colcon_core.package_discovery:discover_packages(recursive) check parameters
[1.030s] Level 1:colcon.colcon_core.package_discovery:discover_packages(ignore) check parameters
[1.030s] Level 1:colcon.colcon_core.package_discovery:discover_packages(path) check parameters
[1.030s] Level 1:colcon.colcon_core.package_discovery:discover_packages(colcon_meta) discover
[1.030s] Level 1:colcon.colcon_core.package_discovery:discover_packages(recursive) discover
[1.031s] INFO:colcon.colcon_core.package_discovery:Crawling recursively for packages in '/home/porterclev/ros2-ws-2025'
[1.031s] Level 1:colcon.colcon_core.package_identification:_identify(.) by extensions ['ignore', 'ignore_ament_install']
[1.031s] Level 1:colcon.colcon_core.package_identification:_identify(.) by extension 'ignore'
[1.032s] Level 1:colcon.colcon_core.package_identification:_identify(.) by extension 'ignore_ament_install'
[1.032s] Level 1:colcon.colcon_core.package_identification:_identify(.) by extensions ['colcon_pkg']
[1.032s] Level 1:colcon.colcon_core.package_identification:_identify(.) by extension 'colcon_pkg'
[1.032s] Level 1:colcon.colcon_core.package_identification:_identify(.) by extensions ['colcon_meta']
[1.032s] Level 1:colcon.colcon_core.package_identification:_identify(.) by extension 'colcon_meta'
[1.032s] Level 1:colcon.colcon_core.package_identification:_identify(.) by extensions ['ros']
[1.032s] Level 1:colcon.colcon_core.package_identification:_identify(.) by extension 'ros'
[1.110s] Level 1:colcon.colcon_core.package_identification:_identify(.) by extensions ['cmake', 'python']
[1.110s] Level 1:colcon.colcon_core.package_identification:_identify(.) by extension 'cmake'
[1.110s] Level 1:colcon.colcon_core.package_identification:_identify(.) by extension 'python'
[1.111s] Level 1:colcon.colcon_core.package_identification:_identify(.) by extensions ['python_setup_py']
[1.111s] Level 1:colcon.colcon_core.package_identification:_identify(.) by extension 'python_setup_py'
[1.111s] Level 1:colcon.colcon_core.package_identification:_identify(build) by extensions ['ignore', 'ignore_ament_install']
[1.112s] Level 1:colcon.colcon_core.package_identification:_identify(build) by extension 'ignore'
[1.112s] Level 1:colcon.colcon_core.package_identification:_identify(build) ignored
[1.113s] Level 1:colcon.colcon_core.package_identification:_identify(install) by extensions ['ignore', 'ignore_ament_install']
[1.113s] Level 1:colcon.colcon_core.package_identification:_identify(install) by extension 'ignore'
[1.113s] Level 1:colcon.colcon_core.package_identification:_identify(install) ignored
[1.114s] Level 1:colcon.colcon_core.package_identification:_identify(log) by extensions ['ignore', 'ignore_ament_install']
[1.114s] Level 1:colcon.colcon_core.package_identification:_identify(log) by extension 'ignore'
[1.114s] Level 1:colcon.colcon_core.package_identification:_identify(log) ignored
[1.114s] Level 1:colcon.colcon_core.package_identification:_identify(src) by extensions ['ignore', 'ignore_ament_install']
[1.114s] Level 1:colcon.colcon_core.package_identification:_identify(src) by extension 'ignore'
[1.114s] Level 1:colcon.colcon_core.package_identification:_identify(src) by extension 'ignore_ament_install'
[1.114s] Level 1:colcon.colcon_core.package_identification:_identify(src) by extensions ['colcon_pkg']
[1.114s] Level 1:colcon.colcon_core.package_identification:_identify(src) by extension 'colcon_pkg'
[1.115s] Level 1:colcon.colcon_core.package_identification:_identify(src) by extensions ['colcon_meta']
[1.115s] Level 1:colcon.colcon_core.package_identification:_identify(src) by extension 'colcon_meta'
[1.115s] Level 1:colcon.colcon_core.package_identification:_identify(src) by extensions ['ros']
[1.115s] Level 1:colcon.colcon_core.package_identification:_identify(src) by extension 'ros'
[1.115s] Level 1:colcon.colcon_core.package_identification:_identify(src) by extensions ['cmake', 'python']
[1.115s] Level 1:colcon.colcon_core.package_identification:_identify(src) by extension 'cmake'
[1.115s] Level 1:colcon.colcon_core.package_identification:_identify(src) by extension 'python'
[1.115s] Level 1:colcon.colcon_core.package_identification:_identify(src) by extensions ['python_setup_py']
[1.115s] Level 1:colcon.colcon_core.package_identification:_identify(src) by extension 'python_setup_py'
[1.115s] Level 1:colcon.colcon_core.package_identification:_identify(src/test_package) by extensions ['ignore', 'ignore_ament_install']
[1.115s] Level 1:colcon.colcon_core.package_identification:_identify(src/test_package) by extension 'ignore'
[1.115s] Level 1:colcon.colcon_core.package_identification:_identify(src/test_package) by extension 'ignore_ament_install'
[1.115s] Level 1:colcon.colcon_core.package_identification:_identify(src/test_package) by extensions ['colcon_pkg']
[1.115s] Level 1:colcon.colcon_core.package_identification:_identify(src/test_package) by extension 'colcon_pkg'
[1.116s] Level 1:colcon.colcon_core.package_identification:_identify(src/test_package) by extensions ['colcon_meta']
[1.116s] Level 1:colcon.colcon_core.package_identification:_identify(src/test_package) by extension 'colcon_meta'
[1.116s] Level 1:colcon.colcon_core.package_identification:_identify(src/test_package) by extensions ['ros']
[1.116s] Level 1:colcon.colcon_core.package_identification:_identify(src/test_package) by extension 'ros'
[1.129s] DEBUG:colcon.colcon_core.package_identification:Package 'src/test_package' with type 'ros.ament_python' and name 'test_package'
[1.129s] Level 1:colcon.colcon_core.package_discovery:discover_packages(recursive) using defaults
[1.129s] Level 1:colcon.colcon_core.package_discovery:discover_packages(ignore) discover
[1.130s] Level 1:colcon.colcon_core.package_discovery:discover_packages(ignore) using defaults
[1.130s] Level 1:colcon.colcon_core.package_discovery:discover_packages(path) discover
[1.130s] Level 1:colcon.colcon_core.package_discovery:discover_packages(path) using defaults
[1.263s] Level 1:colcon.colcon_core.package_discovery:discover_packages(prefix_path) check parameters
[1.263s] Level 1:colcon.colcon_core.package_discovery:discover_packages(prefix_path) discover
[1.286s] DEBUG:colcon.colcon_installed_package_information.package_discovery:Found 285 installed packages in /opt/ros/jazzy
[1.288s] Level 1:colcon.colcon_core.package_discovery:discover_packages(prefix_path) using defaults
[1.420s] Level 5:colcon.colcon_core.verb:set package 'test_package' build argument 'cmake_args' from command line to 'None'
[1.420s] Level 5:colcon.colcon_core.verb:set package 'test_package' build argument 'cmake_target' from command line to 'None'
[1.421s] Level 5:colcon.colcon_core.verb:set package 'test_package' build argument 'cmake_target_skip_unavailable' from command line to 'False'
[1.421s] Level 5:colcon.colcon_core.verb:set package 'test_package' build argument 'cmake_clean_cache' from command line to 'False'
[1.421s] Level 5:colcon.colcon_core.verb:set package 'test_package' build argument 'cmake_clean_first' from command line to 'False'
[1.421s] Level 5:colcon.colcon_core.verb:set package 'test_package' build argument 'cmake_force_configure' from command line to 'False'
[1.421s] Level 5:colcon.colcon_core.verb:set package 'test_package' build argument 'ament_cmake_args' from command line to 'None'
[1.421s] Level 5:colcon.colcon_core.verb:set package 'test_package' build argument 'catkin_cmake_args' from command line to 'None'
[1.421s] Level 5:colcon.colcon_core.verb:set package 'test_package' build argument 'catkin_skip_building_tests' from command line to 'False'
[1.421s] DEBUG:colcon.colcon_core.verb:Building package 'test_package' with the following arguments: {'ament_cmake_args': None, 'build_base': '/home/porterclev/ros2-ws-2025/build/test_package', 'catkin_cmake_args': None, 'catkin_skip_building_tests': False, 'cmake_args': None, 'cmake_clean_cache': False, 'cmake_clean_first': False, 'cmake_force_configure': False, 'cmake_target': None, 'cmake_target_skip_unavailable': False, 'install_base': '/home/porterclev/ros2-ws-2025/install/test_package', 'merge_install': False, 'path': '/home/porterclev/ros2-ws-2025/src/test_package', 'symlink_install': False, 'test_result_base': None}
[1.421s] INFO:colcon.colcon_core.executor:Executing jobs using 'parallel' executor
[1.426s] DEBUG:colcon.colcon_parallel_executor.executor.parallel:run_until_complete
[1.427s] INFO:colcon.colcon_ros.task.ament_python.build:Building ROS package in '/home/porterclev/ros2-ws-2025/src/test_package' with build type 'ament_python'
[1.427s] Level 1:colcon.colcon_core.shell:create_environment_hook('test_package', 'ament_prefix_path')
[1.463s] INFO:colcon.colcon_core.plugin_system:Skipping extension 'colcon_core.shell.bat': Not used on non-Windows systems
[1.464s] INFO:colcon.colcon_core.shell:Creating environment hook '/home/porterclev/ros2-ws-2025/install/test_package/share/test_package/hook/ament_prefix_path.ps1'
[1.468s] INFO:colcon.colcon_core.shell:Creating environment descriptor '/home/porterclev/ros2-ws-2025/install/test_package/share/test_package/hook/ament_prefix_path.dsv'
[1.471s] INFO:colcon.colcon_core.shell:Creating environment hook '/home/porterclev/ros2-ws-2025/install/test_package/share/test_package/hook/ament_prefix_path.sh'
[1.475s] INFO:colcon.colcon_core.shell:Skip shell extension 'powershell' for command environment: Not usable outside of PowerShell
[1.475s] DEBUG:colcon.colcon_core.shell:Skip shell extension 'dsv' for command environment
[2.233s] INFO:colcon.colcon_core.task.python.build:Building Python package in '/home/porterclev/ros2-ws-2025/src/test_package'
[2.234s] INFO:colcon.colcon_core.shell:Skip shell extension 'powershell' for command environment: Not usable outside of PowerShell
[2.234s] DEBUG:colcon.colcon_core.shell:Skip shell extension 'dsv' for command environment
[6.635s] DEBUG:colcon.colcon_core.event_handler.log_command:Invoking command in '/home/porterclev/ros2-ws-2025/src/test_package': PYTHONPATH=/home/porterclev/ros2-ws-2025/build/test_package/prefix_override:/usr/lib/python3/dist-packages/colcon_core/task/python/colcon_distutils_commands:/home/porterclev/ros2-ws-2025/install/test_package/lib/python3.12/site-packages:${PYTHONPATH} /usr/bin/python3 -W ignore:setup.py install is deprecated setup.py egg_info --egg-base ../../build/test_package build --build-base /home/porterclev/ros2-ws-2025/build/test_package/build install --record /home/porterclev/ros2-ws-2025/build/test_package/install.log --single-version-externally-managed install_data
[9.333s] DEBUG:colcon.colcon_core.event_handler.log_command:Invoked command in '/home/porterclev/ros2-ws-2025/src/test_package' returned '0': PYTHONPATH=/home/porterclev/ros2-ws-2025/build/test_package/prefix_override:/usr/lib/python3/dist-packages/colcon_core/task/python/colcon_distutils_commands:/home/porterclev/ros2-ws-2025/install/test_package/lib/python3.12/site-packages:${PYTHONPATH} /usr/bin/python3 -W ignore:setup.py install is deprecated setup.py egg_info --egg-base ../../build/test_package build --build-base /home/porterclev/ros2-ws-2025/build/test_package/build install --record /home/porterclev/ros2-ws-2025/build/test_package/install.log --single-version-externally-managed install_data
[9.388s] Level 1:colcon.colcon_core.environment:checking '/home/porterclev/ros2-ws-2025/install/test_package' for CMake module files
[9.389s] Level 1:colcon.colcon_core.environment:checking '/home/porterclev/ros2-ws-2025/install/test_package' for CMake config files
[9.391s] Level 1:colcon.colcon_core.environment:checking '/home/porterclev/ros2-ws-2025/install/test_package/lib'
[9.392s] Level 1:colcon.colcon_core.environment:checking '/home/porterclev/ros2-ws-2025/install/test_package/bin'
[9.392s] Level 1:colcon.colcon_core.environment:checking '/home/porterclev/ros2-ws-2025/install/test_package/lib/pkgconfig/test_package.pc'
[9.392s] Level 1:colcon.colcon_core.environment:checking '/home/porterclev/ros2-ws-2025/install/test_package/lib/python3.12/site-packages'
[9.392s] Level 1:colcon.colcon_core.shell:create_environment_hook('test_package', 'pythonpath')
[9.393s] INFO:colcon.colcon_core.shell:Creating environment hook '/home/porterclev/ros2-ws-2025/install/test_package/share/test_package/hook/pythonpath.ps1'
[9.394s] INFO:colcon.colcon_core.shell:Creating environment descriptor '/home/porterclev/ros2-ws-2025/install/test_package/share/test_package/hook/pythonpath.dsv'
[9.394s] INFO:colcon.colcon_core.shell:Creating environment hook '/home/porterclev/ros2-ws-2025/install/test_package/share/test_package/hook/pythonpath.sh'
[9.396s] Level 1:colcon.colcon_core.environment:checking '/home/porterclev/ros2-ws-2025/install/test_package/bin'
[9.396s] Level 1:colcon.colcon_core.environment:create_environment_scripts_only(test_package)
[9.397s] INFO:colcon.colcon_core.shell:Creating package script '/home/porterclev/ros2-ws-2025/install/test_package/share/test_package/package.ps1'
[9.400s] INFO:colcon.colcon_core.shell:Creating package descriptor '/home/porterclev/ros2-ws-2025/install/test_package/share/test_package/package.dsv'
[9.403s] INFO:colcon.colcon_core.shell:Creating package script '/home/porterclev/ros2-ws-2025/install/test_package/share/test_package/package.sh'
[9.405s] INFO:colcon.colcon_core.shell:Creating package script '/home/porterclev/ros2-ws-2025/install/test_package/share/test_package/package.bash'
[9.410s] INFO:colcon.colcon_core.shell:Creating package script '/home/porterclev/ros2-ws-2025/install/test_package/share/test_package/package.zsh'
[9.416s] Level 1:colcon.colcon_core.environment:create_file_with_runtime_dependencies(/home/porterclev/ros2-ws-2025/install/test_package/share/colcon-core/packages/test_package)
[9.418s] DEBUG:colcon.colcon_parallel_executor.executor.parallel:closing loop
[9.419s] DEBUG:colcon.colcon_parallel_executor.executor.parallel:loop closed
[9.419s] DEBUG:colcon.colcon_parallel_executor.executor.parallel:run_until_complete finished with '0'
[9.419s] DEBUG:colcon.colcon_core.event_reactor:joining thread
[9.466s] INFO:colcon.colcon_core.plugin_system:Skipping extension 'colcon_notification.desktop_notification.notify_send': Could not find 'notify-send'
[9.466s] INFO:colcon.colcon_core.plugin_system:Skipping extension 'colcon_notification.desktop_notification.terminal_notifier': Not used on non-Darwin systems
[9.466s] INFO:colcon.colcon_core.plugin_system:Skipping extension 'colcon_notification.desktop_notification.win32': Not used on non-Windows systems
[9.466s] INFO:colcon.colcon_notification.desktop_notification:Sending desktop notification using 'notify2'
[9.617s] DEBUG:colcon.colcon_notification.desktop_notification.notify2:Failed to initialize notify2: org.freedesktop.DBus.Error.ServiceUnknown: The name org.freedesktop.Notifications was not provided by any .service files
[9.617s] DEBUG:colcon.colcon_core.event_reactor:joined thread
[9.618s] INFO:colcon.colcon_core.shell:Creating prefix script '/home/porterclev/ros2-ws-2025/install/local_setup.ps1'
[9.646s] INFO:colcon.colcon_core.shell:Creating prefix util module '/home/porterclev/ros2-ws-2025/install/_local_setup_util_ps1.py'
[9.649s] INFO:colcon.colcon_core.shell:Creating prefix chain script '/home/porterclev/ros2-ws-2025/install/setup.ps1'
[9.651s] INFO:colcon.colcon_core.shell:Creating prefix script '/home/porterclev/ros2-ws-2025/install/local_setup.sh'
[9.654s] INFO:colcon.colcon_core.shell:Creating prefix util module '/home/porterclev/ros2-ws-2025/install/_local_setup_util_sh.py'
[9.654s] INFO:colcon.colcon_core.shell:Creating prefix chain script '/home/porterclev/ros2-ws-2025/install/setup.sh'
[9.661s] INFO:colcon.colcon_core.shell:Creating prefix script '/home/porterclev/ros2-ws-2025/install/local_setup.bash'
[9.665s] INFO:colcon.colcon_core.shell:Creating prefix chain script '/home/porterclev/ros2-ws-2025/install/setup.bash'
[9.670s] INFO:colcon.colcon_core.shell:Creating prefix script '/home/porterclev/ros2-ws-2025/install/local_setup.zsh'
[9.673s] INFO:colcon.colcon_core.shell:Creating prefix chain script '/home/porterclev/ros2-ws-2025/install/setup.zsh'
